
> my-v0-project@0.1.0 build
> next build

▲ Next.js 16.1.6 (Turbopack)
- Environments: .env.local

  Creating an optimized production build ...
✓ Compiled successfully in 4.5s
  Skipping validation of types
⚠ Minimum recommended TypeScript version is v5.1.0, older versions can potentially be incompatible with Next.js. Detected: 5.0.2
  Collecting page data using 7 workers ...
  Generating static pages using 7 workers (0/25) ...
  Generating static pages using 7 workers (6/25) 
⨯ useSearchParams() should be wrapped in a suspense boundary at page "/auth/reset-password". Read more: https://nextjs.org/docs/messages/missing-suspense-with-csr-bailout
    at Q (/Users/air/Documents/yurflow-frontend/.next/server/chunks/ssr/979b6_next_149b4eef._.js:2:2111)
    at o (/Users/air/Documents/yurflow-frontend/.next/server/chunks/ssr/979b6_next_149b4eef._.js:4:5284)
    at j (/Users/air/Documents/yurflow-frontend/.next/server/chunks/ssr/_d5286eb9._.js:1:4680)
    at an (/Users/air/Documents/yurflow-frontend/node_modules/.pnpm/next@16.1.6_react-dom@19.2.4_react@19.2.4__react@19.2.4/node_modules/next/dist/compiled/next-server/app-page-turbo.runtime.prod.js:2:84360)
    at ai (/Users/air/Documents/yurflow-frontend/node_modules/.pnpm/next@16.1.6_react-dom@19.2.4_react@19.2.4__react@19.2.4/node_modules/next/dist/compiled/next-server/app-page-turbo.runtime.prod.js:2:86179)
    at ai (/Users/air/Documents/yurflow-frontend/node_modules/.pnpm/next@16.1.6_react-dom@19.2.4_react@19.2.4__react@19.2.4/node_modules/next/dist/compiled/next-server/app-page-turbo.runtime.prod.js:2:104708)
    at al (/Users/air/Documents/yurflow-frontend/node_modules/.pnpm/next@16.1.6_react-dom@19.2.4_react@19.2.4__react@19.2.4/node_modules/next/dist/compiled/next-server/app-page-turbo.runtime.prod.js:2:107953)
    at as (/Users/air/Documents/yurflow-frontend/node_modules/.pnpm/next@16.1.6_react-dom@19.2.4_react@19.2.4__react@19.2.4/node_modules/next/dist/compiled/next-server/app-page-turbo.runtime.prod.js:2:105368)
    at am (/Users/air/Documents/yurflow-frontend/node_modules/.pnpm/next@16.1.6_react-dom@19.2.4_react@19.2.4__react@19.2.4/node_modules/next/dist/compiled/next-server/app-page-turbo.runtime.prod.js:2:112882)
    at au (/Users/air/Documents/yurflow-frontend/node_modules/.pnpm/next@16.1.6_react-dom@19.2.4_react@19.2.4__react@19.2.4/node_modules/next/dist/compiled/next-server/app-page-turbo.runtime.prod.js:2:109985)
Error occurred prerendering page "/auth/reset-password". Read more: https://nextjs.org/docs/messages/prerender-error
Export encountered an error on /auth/reset-password/page: /auth/reset-password, exiting the build.
⨯ Next.js build worker exited with code: 1 and signal: null
